2024-12-20 21:15:56.893923 (644924) main____ INFO    ----------------------------------------
2024-12-20 21:15:56.894003 (644924) main____ INFO    Jasper version info
2024-12-20 21:15:56.894011 (644924) main____ INFO      tool      : Jasper 2024.06
2024-12-20 21:15:56.894019 (644924) main____ INFO      version   : 2024.06p002 64 bits
2024-12-20 21:15:56.894024 (644924) main____ INFO      build date: 2024.09.02 16:28:38 UTC
2024-12-20 21:15:56.894026 (644924) main____ INFO    ----------------------------------------
2024-12-20 21:15:56.894029 (644924) main____ INFO    Runtime info:
2024-12-20 21:15:56.894032 (644924) main____ INFO      platform  : Linux 4.18.0-553.32.1.el8_10.x86_64 x86_64
2024-12-20 21:15:56.894040 (644924) main____ INFO      hostname  : cadpc14
2024-12-20 21:15:56.894045 (644924) main____ INFO      pid       : 644924
2024-12-20 21:15:56.894049 (644924) main____ INFO      arguments : '-style' 'windows' 'alu_setup.tcl'
2024-12-20 21:15:56.894052 (644924) main____ INFO      locale    : UTF-8
2024-12-20 21:15:56.894055 (644924) main____ INFO    ----------------------------------------
2024-12-20 21:15:56.894057 (644924) main____ INFO    System resource limits info:
2024-12-20 21:15:56.894062 (644924) main____ INFO      virtual memory: unlimited
2024-12-20 21:15:56.894066 (644924) main____ INFO      cpu time      : unlimited
2024-12-20 21:15:56.894074 (644924) main____ INFO      processes     : 255240
2024-12-20 21:15:56.894084 (644924) main____ INFO      stack size    : 8388608 B
2024-12-20 21:15:56.894088 (644924) main____ INFO      core file size: 0 B
2024-12-20 21:15:56.894092 (644924) main____ INFO      open files    : 1024
2024-12-20 21:15:56.894096 (644924) main____ INFO      file size     : unlimited
2024-12-20 21:15:56.894098 (644924) main____ INFO    ----------------------------------------
2024-12-20 21:15:56.894101 (644924) main____ INFO    Memory statistics:
2024-12-20 21:15:56.894105 (644924) main____ INFO      total physical memory  : 65401524 kB
2024-12-20 21:15:56.894108 (644924) main____ INFO      free physical memory   : 25130356 kB
2024-12-20 21:15:56.894112 (644924) main____ INFO      committed address space: 18601400 kB
2024-12-20 21:15:56.894114 (644924) main____ INFO    ----------------------------------------
2024-12-20 21:15:56.896108 (644924) main____ INFO    Important environment variables:
2024-12-20 21:15:56.896150 (644924) main____ INFO      CDS_LIC_FILE       : '5280@bioeelincad.ee.columbia.edu'
2024-12-20 21:15:56.896157 (644924) main____ INFO      DISPLAY            : ':1003'
2024-12-20 21:15:56.896163 (644924) main____ INFO      JASPER_CPU_CHECK   : '1'
2024-12-20 21:15:56.896168 (644924) main____ INFO      JASPER_INSTALL_DIR : '/tools/cadence/jasper_2024.06p002'
2024-12-20 21:15:56.896172 (644924) main____ INFO      JASPER_KERNEL_CHECK: '1'
2024-12-20 21:15:56.896176 (644924) main____ INFO      JASPER_OS_CHECK    : '1'
2024-12-20 21:15:56.896180 (644924) main____ INFO      LANG               : 'en_US.UTF-8'
2024-12-20 21:15:56.896183 (644924) main____ INFO    ----------------------------------------
2024-12-20 21:15:56.896925 (644924) lic_core INFO    Initializing license system ...
2024-12-20 21:15:56.933940 (644924) lic_core INFO    ... license system initialized.
2024-12-20 21:15:56.969375 (644924) lic__man INFO    Claim 'main' for <ui>.
2024-12-20 21:15:56.969480 (644924) lic_core INFO    (1) checking out 'jasper_interactive' ...
2024-12-20 21:15:56.989798 (644924) lic_core INFO    ... (1) checkout succeeded
2024-12-20 21:15:56.989879 (644924) lic__man INFO    Claim 'fpv' for <ui>.
2024-12-20 21:15:56.989901 (644924) lic_core INFO    (2) checking out 'jasper_fpv' ...
2024-12-20 21:15:56.997794 (644924) lic_core INFO    ... (2) checkout failed (error: -5) ("FLEXnet ERROR(-5, 0, 0): No such feature exists.")
2024-12-20 21:15:56.999758 (644924) lic_core INFO    (3) checking out 'jasper_fao' ...
2024-12-20 21:15:57.014216 (644924) lic_core INFO    ... (3) checkout succeeded
2024-12-20 21:15:57.031939 (644924) main____ INFO    Tool inactivity delay is 480000 ms.
2024-12-20 21:15:58.333906 (644924) lic__man INFO    Claim 'fpv' for <ui>.
2024-12-20 21:15:58.681990 (644924) lic__man INFO    Unclaim 'fpv' for <ui>.
2024-12-20 21:15:58.682036 (644924) lic__man INFO    Claim 'fpv' for <ui>.
2024-12-20 21:15:58.729130 (644924) session_ INFO    Starting analysis session with session id 'session_0' (launcher: <local>) ...
2024-12-20 21:15:58.731829 (644924) session_ INFO    Analysis session with session id 'session_0' started (pid: 644945)
2024-12-20 21:16:05.339148 (644924) session_ INFO    Analysis session 'session_0' connected to the console (host: 127.0.0.1:57506)
2024-12-20 21:16:06.108046 (644924) main____ INFO    Releasing console memory by request of analysis session 'session_0'.
2024-12-20 21:16:06.109507 (644924) lic__man INFO    Unclaim everything for 'session_0'.
2024-12-20 21:16:07.543267 (644924) lic__man INFO    Unclaim everything for 'session_0'.
